2022-01-24 21:46:02|   0.0|  0.0|INFORM|Current FME version: FME 2021.2.1.0 (20211203 - Build 21797 - WIN64)
2022-01-24 21:46:02|   0.0|  0.0|INFORM|FME_HOME is 'D:\FME\'
2022-01-24 21:46:02|   0.0|  0.0|INFORM|FME Desktop Trial Edition (node locked-crc)
2022-01-24 21:46:02|   0.0|  0.0|INFORM|Serial Number: 0
2022-01-24 21:46:02|   0.0|  0.0|INFORM|Temporary License: 87 days left.
2022-01-24 21:46:02|   0.0|  0.0|INFORM|Machine host name is: LAPTOP-BDT7OFR0
2022-01-24 21:46:02|   0.0|  0.0|INFORM|Locale: pl_PL
2022-01-24 21:46:02|   0.0|  0.0|INFORM|System Encoding: windows-1250
2022-01-24 21:46:02|   0.0|  0.0|INFORM|FME Configuration: FME_BASE is 'no'
2022-01-24 21:46:02|   0.0|  0.0|INFORM|FME Configuration: FME_MF_DIR is 'D:\bazy_danych_przestrzennych\cw11/'
2022-01-24 21:46:02|   0.0|  0.0|INFORM|FME Configuration: FME_MF_NAME is 'cw11.fmw'
2022-01-24 21:46:02|   0.0|  0.0|INFORM|FME Configuration: FME_PRODUCT_NAME is 'FME(R) 2021.2.1.0'
2022-01-24 21:46:02|   0.0|  0.0|INFORM|Operating System: Microsoft Windows 10 64-bit  (Build 19044)
2022-01-24 21:46:02|   0.0|  0.0|INFORM|FME Platform: WIN64
2022-01-24 21:46:02|   0.0|  0.0|INFORM|System Status: 28.78 GB of disk space available in the FME temporary folder (C:\Users\szymo\AppData\Local\Temp\wbrun_1643052490241_13284\fmetmp_5)
2022-01-24 21:46:02|   0.0|  0.0|INFORM|System Status: 15.89 GB of physical memory available
2022-01-24 21:46:02|   0.0|  0.0|INFORM|System Status: 63.58 GB of virtual memory available
2022-01-24 21:46:02|   0.0|  0.0|INFORM|START - ProcessID: 13976, peak process memory usage: 42280 kB, current process memory usage: 42280 kB
2022-01-24 21:46:02|   0.0|  0.0|INFORM|FME Configuration: Command line arguments are `D:\FME\fme.exe' `D:/bazy_danych_przestrzennych/cw11\wb-xlate-1643057160962_13284' `LOG_STANDARDOUT' `YES' `LogCountServerName' `{fe5f85fd-1690-48cc-9c37-ce04741070c1}'
2022-01-24 21:46:02|   0.0|  0.0|INFORM|FME Configuration: Connection Storage: 'C:\Users\szymo\AppData\Roaming\Safe Software\FME\'
2022-01-24 21:46:02|   0.0|  0.0|INFORM|Using Python interpreter from `D:\FME\fmepython38\python38.dll' with PYTHONHOME `D:\FME\fmepython38'
2022-01-24 21:46:02|   0.0|  0.0|INFORM|Python version 3.8 loaded successfully
2022-01-24 21:46:02|   0.0|  0.0|INFORM|Adding folder `D:\bazy_danych_przestrzennych\cw11\' to the python path
2022-01-24 21:46:02|   0.1|  0.1|INFORM|FME_BEGIN_PYTHON: evaluating python script from string...
2022-01-24 21:46:04|   0.1|  0.0|INFORM|FME_BEGIN_PYTHON: python script execution complete.
2022-01-24 21:46:04|   0.1|  0.0|INFORM|Shared folders for formats are : D:\FME\datasources;C:\Users\szymo\Documents\FME\Formats
2022-01-24 21:46:04|   0.1|  0.0|INFORM|Shared folders for transformers are : C:\Users\szymo\AppData\Roaming\Safe Software\FME\Packages\21797-win64\transformers;D:\FME\transformers;C:\Users\szymo\AppData\Roaming\Safe Software\FME\FME Store\Transformers
2022-01-24 21:46:04|   0.1|  0.0|INFORM|Shared folders for coordinate systems are : C:\Users\szymo\Documents\FME\CoordinateSystems
2022-01-24 21:46:04|   0.1|  0.0|INFORM|Shared folders for coordinate system exceptions are : C:\Users\szymo\Documents\FME\CoordinateSystemExceptions
2022-01-24 21:46:04|   0.1|  0.0|INFORM|Shared folders for coordinate system grid overrides are : C:\Users\szymo\Documents\FME\CoordinateSystemGridOverrides
2022-01-24 21:46:04|   0.1|  0.0|INFORM|Shared folders for CS-MAP transformation exceptions are : C:\Users\szymo\Documents\FME\CsmapTransformationExceptions
2022-01-24 21:46:04|   0.1|  0.0|INFORM|Shared folders for transformer categories are : C:\Users\szymo\Documents\FME\TransformerCategories
2022-01-24 21:46:04|   0.1|  0.0|INFORM|FME Configuration: Reader Keyword is `MULTI_READER'
2022-01-24 21:46:04|   0.1|  0.0|INFORM|FME Configuration: Writer Keyword is `MULTI_WRITER'
2022-01-24 21:46:04|   0.1|  0.0|INFORM|FME Configuration: Writer Group Definition Keyword is `MULTI_WRITER_DEF'
2022-01-24 21:46:04|   0.1|  0.0|INFORM|FME Configuration: Reader type is `MULTI_READER'
2022-01-24 21:46:04|   0.1|  0.0|INFORM|FME Configuration: Writer type is `MULTI_WRITER'
2022-01-24 21:46:04|   0.1|  0.0|INFORM|FME Configuration: No destination coordinate system set
2022-01-24 21:46:04|   0.1|  0.0|INFORM|FME Configuration: Current working folder is `D:\bazy_danych_przestrzennych\cw11'
2022-01-24 21:46:04|   0.1|  0.0|INFORM|FME Configuration: Temporary folder is `C:\Users\szymo\AppData\Local\Temp\wbrun_1643052490241_13284\fmetmp_5', set from environment variable `FME_TEMP'
2022-01-24 21:46:04|   0.1|  0.0|INFORM|FME Configuration: Cache folder is 'C:\Users\szymo\AppData\Local\Temp'
2022-01-24 21:46:04|   0.1|  0.0|INFORM|FME Configuration: FME_HOME is `D:\FME\'
2022-01-24 21:46:04|   0.1|  0.0|INFORM|FME Configuration: Start freeing memory when the process exceeds 47.68 GB
2022-01-24 21:46:04|   0.1|  0.0|INFORM|FME Configuration: Stop freeing memory when the process is below 35.76 GB
2022-01-24 21:46:04|   0.1|  0.0|INFORM|Creating writer for format: 
2022-01-24 21:46:04|   0.1|  0.0|INFORM|Creating reader for format: 
2022-01-24 21:46:04|   0.1|  0.0|INFORM|MULTI_READER(MULTI_READER): Will fail with first member reader failure
2022-01-24 21:46:04|   0.1|  0.0|INFORM|MULTI_READER(MULTI_READER): Adding JPEG2000 Reader with keyword JPEG2000_1
2022-01-24 21:46:04|   0.1|  0.0|INFORM|MULTI_READER(MULTI_READER): Adding JPEG2000 Reader with keyword JPEG2000_2
2022-01-24 21:46:04|   0.1|  0.0|INFORM|Using Multi Reader with keyword `MULTI_READER' to read multiple datasets
2022-01-24 21:46:04|   0.1|  0.0|INFORM|Creating reader for format: JPEG 2000 (GeoJP2/GMLJP2)
2022-01-24 21:46:05|   0.2|  0.1|INFORM|Trying to find a DYNAMIC plugin for reader named `JPEG2000'
2022-01-24 21:46:05|   0.2|  0.0|INFORM|Loaded module 'JPEG2000' from file 'D:\FME\plugins/gdal/GDAL.dll'
2022-01-24 21:46:05|   0.3|  0.1|INFORM|FME API version of module 'JPEG2000' matches current internal version (3.8 20210302)
2022-01-24 21:46:05|   0.3|  0.0|INFORM|JPEG2000 reader: Directive '_COMPRESSION_CACHE_SIZE_CALCULATION' has value 'AUTO'
2022-01-24 21:46:05|   0.3|  0.0|INFORM|JPEG2000 reader: Directive '_READ_OFFSETS_IN_CS_UNITS' has the value 'No'
2022-01-24 21:46:05|   0.3|  0.0|INFORM|JPEG2000 reader: Opening file 'D:\bazy_danych_przestrzennych\cw11_tmp\sentinel\S2B_MSIL2A_20220121T093209_N0301_R136_T34UEB_20220121T111121.SAFE\GRANULE\L2A_T34UEB_A025473_20220121T093212\IMG_DATA\R10m\T34UEB_20220121T093209_B04_10m.jp2'
2022-01-24 21:46:05|   0.3|  0.0|INFORM|Using MultiWriter with keyword `MULTI_WRITER' to output data (ID_ATTRIBUTE is `multi_writer_id')
2022-01-24 21:46:05|   0.3|  0.0|INFORM|Writer output will be ordered by value of multi_writer_id
2022-01-24 21:46:05|   0.3|  0.0|INFORM|Loaded module 'LogCount_func' from file 'D:\FME\plugins/LogCount_func.dll'
2022-01-24 21:46:05|   0.3|  0.0|INFORM|FME API version of module 'LogCount_func' matches current internal version (3.8 20210302)
2022-01-24 21:46:05|   0.3|  0.0|INFORM|FME Configuration: Using FME Reprojection Engine
2022-01-24 21:46:05|   0.3|  0.0|INFORM|Loaded module 'Geometry_func' from file 'D:\FME\plugins/Geometry_func.dll'
2022-01-24 21:46:05|   0.3|  0.0|INFORM|FME API version of module 'Geometry_func' matches current internal version (3.8 20210302)
2022-01-24 21:46:05|   0.3|  0.0|INFORM|Loaded module 'RasterProperties_func' from file 'D:\FME\plugins/RasterProperties_func.dll'
2022-01-24 21:46:05|   0.3|  0.0|INFORM|FME API version of module 'RasterProperties_func' matches current internal version (3.8 20210302)
2022-01-24 21:46:05|   0.3|  0.0|INFORM|Loaded module 'RasterNodata_func' from file 'D:\FME\plugins/RasterNodata_func.dll'
2022-01-24 21:46:05|   0.3|  0.0|INFORM|FME API version of module 'RasterNodata_func' matches current internal version (3.8 20210302)
2022-01-24 21:46:05|   0.3|  0.0|INFORM|Loaded module 'RasterEvaluationFactory' from file 'D:\FME\plugins/RasterEvaluationFactory.dll'
2022-01-24 21:46:05|   0.3|  0.0|INFORM|FME API version of module 'RasterEvaluationFactory' matches current internal version (3.8 20210302)
2022-01-24 21:46:05|   0.3|  0.0|INFORM|... Last line repeated 2 times ...
2022-01-24 21:46:05|   0.3|  0.0|INFORM|Loaded module 'RasterPaletteAttributes_func' from file 'D:\FME\plugins/RasterPaletteAttributes_func.dll'
2022-01-24 21:46:05|   0.3|  0.0|INFORM|FME API version of module 'RasterPaletteAttributes_func' matches current internal version (3.8 20210302)
2022-01-24 21:46:05|   0.3|  0.0|INFORM|FME API version of module 'RasterEvaluationFactory' matches current internal version (3.8 20210302)
2022-01-24 21:46:05|   0.3|  0.0|INFORM|Loaded module 'RasterClippingFactory' from file 'D:\FME\plugins/RasterClippingFactory.dll'
2022-01-24 21:46:05|   0.3|  0.0|INFORM|FME API version of module 'RasterClippingFactory' matches current internal version (3.8 20210302)
2022-01-24 21:46:05|   0.4|  0.1|INFORM|Loaded module 'SolidIntersectionFactory' from file 'D:\FME\plugins/SolidIntersectionFactory.dll'
2022-01-24 21:46:05|   0.4|  0.0|INFORM|FME API version of module 'SolidIntersectionFactory' matches current internal version (3.8 20210302)
2022-01-24 21:46:05|   0.4|  0.0|INFORM|Loaded module 'RasterStatisticsFactory' from file 'D:\FME\plugins/RasterStatisticsFactory.dll'
2022-01-24 21:46:05|   0.4|  0.0|INFORM|FME API version of module 'RasterStatisticsFactory' matches current internal version (3.8 20210302)
2022-01-24 21:46:05|   0.4|  0.0|INFORM|Loaded module 'PythonFactory' from file 'D:\FME\plugins/PythonFactory.dll'
2022-01-24 21:46:05|   0.4|  0.0|INFORM|FME API version of module 'PythonFactory' matches current internal version (3.8 20210302)
2022-01-24 21:46:06|   0.6|  0.2|INFORM|The EPSG number of the FME coordinate system 'UTM84-34N' is '32634'
2022-01-24 21:46:06|   0.6|  0.0|INFORM|FME Configuration: Source coordinate system for reader JPEG2000_1[JPEG2000] set to `UTM84-34N' as read from input data
2022-01-24 21:46:06|   0.6|  0.0|INFORM|Coordinate System `UTM84-34N' parameters: CS_NAME=`UTM84-34N' DESC_NM=`UTM-WGS 1984 datum, Zone 34 North, Meter; Cent. Meridian 21d E' DT_NAME=`WGS84' EPSG_QD=`1' GROUP=`UTMN' MAP_SCL=`1' MAX_LAT=`90' MAX_LNG=`24.75' MIN_LAT=`-8.4' MIN_LNG=`17.25' PARM1=`21' PROJ=`TM' QUAD=`1' SCL_RED=`0.9996' SOURCE=`Snyder, J.P, 1987, Map Projections - A Working Manual' UNIT=`METER' X_OFF=`500000.0' Y_OFF=`0.0'
2022-01-24 21:46:06|   0.6|  0.0|STATS |Storing feature(s) to FME feature store file `C:\Users\szymo\AppData\Local\Temp\wb-cache-cw11-mUuSBZ\Main_JPEG2000 -1 40 -1  0  37de1d9b8eb58a5a404d3dbe7a372cf2ce98ef82.ffsupdating'
2022-01-24 21:46:08|  14.0| 13.4|INFORM|Reprojector: Reprojecting from source coordinate system 'UTM84-34N' to destination coordinate system 'LL84'
2022-01-24 21:46:09|  14.1|  0.1|INFORM|Reprojector: Recalculating raster number of rows and columns from (10980, 10980) to (11095, 11096)
2022-01-24 21:46:09|  14.1|  0.0|INFORM|Reprojector: Recalculating raster cell size from (10, 10) to (0.00014237347872527183, 8.991986071769717e-5)
2022-01-24 21:46:09|  14.1|  0.0|INFORM|Reprojector: Recalculating raster extents from (499980, 5590200), (609780, 5700000) to (20.9997121758513, 50.45352135148077), (22.579488295786916, 51.45118220614361)
2022-01-24 21:46:09|  14.1|  0.0|STATS |Storing feature(s) to FME feature store file `C:\Users\szymo\AppData\Local\Temp\wb-cache-cw11-mUuSBZ\Main_Reprojector_2 -1 31 fo 0 REPROJECTED  0  174587d9d6e4efe8537654763ee5da92342ba779.ffsupdating'
2022-01-24 21:46:14|  19.7|  5.6|INFORM|FFS writer: Completed 36.69% of intermediate processing
2022-01-24 21:46:19|  25.5|  5.8|INFORM|FFS writer: Completed 76.82% of intermediate processing
2022-01-24 21:46:21|  28.6|  3.1|INFORM|FFS writer: Completed 100% of intermediate processing
2022-01-24 21:46:21|  28.6|  0.0|INFORM|Creating reader for format: JPEG 2000 (GeoJP2/GMLJP2)
2022-01-24 21:46:21|  28.6|  0.0|INFORM|Trying to find a DYNAMIC plugin for reader named `JPEG2000'
2022-01-24 21:46:21|  28.6|  0.0|INFORM|FME API version of module 'JPEG2000' matches current internal version (3.8 20210302)
2022-01-24 21:46:21|  28.6|  0.0|INFORM|JPEG2000 reader: Directive '_COMPRESSION_CACHE_SIZE_CALCULATION' has value 'AUTO'
2022-01-24 21:46:21|  28.6|  0.0|INFORM|JPEG2000 reader: Directive '_READ_OFFSETS_IN_CS_UNITS' has the value 'No'
2022-01-24 21:46:21|  28.6|  0.0|INFORM|JPEG2000 reader: Opening file 'D:\bazy_danych_przestrzennych\cw11_tmp\sentinel\S2B_MSIL2A_20220121T093209_N0301_R136_T34UEB_20220121T111121.SAFE\GRANULE\L2A_T34UEB_A025473_20220121T093212\IMG_DATA\R10m\T34UEB_20220121T093209_B08_10m.jp2'
2022-01-24 21:46:21|  28.6|  0.0|INFORM|FME Configuration: Source coordinate system for reader JPEG2000_2[JPEG2000] set to `UTM84-34N' as read from input data
2022-01-24 21:46:21|  28.6|  0.0|INFORM|Coordinate System `UTM84-34N' parameters: CS_NAME=`UTM84-34N' DESC_NM=`UTM-WGS 1984 datum, Zone 34 North, Meter; Cent. Meridian 21d E' DT_NAME=`WGS84' EPSG_QD=`1' GROUP=`UTMN' MAP_SCL=`1' MAX_LAT=`90' MAX_LNG=`24.75' MIN_LAT=`-8.4' MIN_LNG=`17.25' PARM1=`21' PROJ=`TM' QUAD=`1' SCL_RED=`0.9996' SOURCE=`Snyder, J.P, 1987, Map Projections - A Working Manual' UNIT=`METER' X_OFF=`500000.0' Y_OFF=`0.0'
2022-01-24 21:46:21|  28.6|  0.0|STATS |Storing feature(s) to FME feature store file `C:\Users\szymo\AppData\Local\Temp\wb-cache-cw11-mUuSBZ\Main_JPEG2000 -1 42 -1  0  cfd839733b9fa1b62c014262c53756f3a5583c00.ffsupdating'
2022-01-24 21:46:24|  42.4| 13.8|INFORM|Reprojector: Reprojecting from source coordinate system 'UTM84-34N' to destination coordinate system 'LL84'
2022-01-24 21:46:24|  42.5|  0.1|INFORM|Reprojector: Recalculating raster number of rows and columns from (10980, 10980) to (11095, 11096)
2022-01-24 21:46:24|  42.5|  0.0|INFORM|Reprojector: Recalculating raster cell size from (10, 10) to (0.00014237347872527183, 8.991986071769717e-5)
2022-01-24 21:46:24|  42.5|  0.0|INFORM|Reprojector: Recalculating raster extents from (499980, 5590200), (609780, 5700000) to (20.9997121758513, 50.45352135148077), (22.579488295786916, 51.45118220614361)
2022-01-24 21:46:24|  42.5|  0.0|STATS |Storing feature(s) to FME feature store file `C:\Users\szymo\AppData\Local\Temp\wb-cache-cw11-mUuSBZ\Main_Reprojector_3 -1 32 fo 0 REPROJECTED  0  42710939b24e083c8c4eded1d2652cf732e97b7f.ffsupdating'
2022-01-24 21:46:29|  48.1|  5.6|INFORM|FFS writer: Completed 36.42% of intermediate processing
2022-01-24 21:46:34|  53.7|  5.6|INFORM|FFS writer: Completed 72.77% of intermediate processing
2022-01-24 21:46:37|  57.4|  3.7|INFORM|FFS writer: Completed 100% of intermediate processing
2022-01-24 21:46:38|  57.4|  0.0|STATS |Storing feature(s) to FME feature store file `C:\Users\szymo\AppData\Local\Temp\wb-cache-cw11-mUuSBZ\Main_NDVICalculator -1 16 fo 0 Output  0  78e5a519050f3a63f1ca7a7451b842fa387a8054.ffsupdating'
2022-01-24 21:46:43|  62.5|  5.1|INFORM|FFS writer: Completed 13.85% of intermediate processing
2022-01-24 21:46:48|  67.9|  5.4|INFORM|FFS writer: Completed 30% of intermediate processing
2022-01-24 21:46:53|  73.3|  5.4|INFORM|FFS writer: Completed 46.15% of intermediate processing
2022-01-24 21:46:59|  78.6|  5.3|INFORM|FFS writer: Completed 62.3% of intermediate processing
2022-01-24 21:47:04|  83.8|  5.2|INFORM|FFS writer: Completed 78.45% of intermediate processing
2022-01-24 21:47:09|  89.2|  5.4|INFORM|FFS writer: Completed 94.61% of intermediate processing
2022-01-24 21:47:11|  90.4|  1.2|INFORM|FFS writer: Completed 100% of intermediate processing
2022-01-24 21:47:11|  90.4|  0.0|STATS |Storing feature(s) to FME feature store file `C:\Users\szymo\AppData\Local\Temp\wb-cache-cw11-mUuSBZ\Main_Reprojector_4 -1 27 fo 0 REPROJECTED  0  f17c5db0d7df7fd3460a3ca13100a8eeb0f22e9d.ffsupdating'
2022-01-24 21:47:16|  95.4|  5.0|INFORM|FFS writer: Completed 61.27% of intermediate processing
2022-01-24 21:47:19|  98.5|  3.1|INFORM|FFS writer: Completed 100% of intermediate processing
2022-01-24 21:47:19|  98.5|  0.0|STATS |Restoring 1 feature(s) from FME feature store file `C:\Users\szymo\AppData\Local\Temp\wb-cache-cw11-mUuSBZ\Main_Reprojector -1 13 fo 0 REPROJECTED  0  52830da209567bf736636d66287076c1efded75e.ffs'
2022-01-24 21:47:19|  98.5|  0.0|INFORM|Clipper_SolidClipperFilter (TestFactory): Tested 1 of 1 bulk features
2022-01-24 21:47:19|  98.5|  0.0|INFORM|Clipper_Vector (ClippingFactory): Splitting bulk features into individual features
2022-01-24 21:47:19|  98.5|  0.0|INFORM|Adding Clipper 1
2022-01-24 21:47:19|  98.5|  0.0|INFORM|Clipper_Raster (RasterClippingFactory): Splitting bulk features into individual features
2022-01-24 21:47:19|  98.5|  0.0|INFORM|Reprojector_REPROJECTED_-1_28_Player (RecorderFactory): Played back 1 feature(s) from file `C:\Users\szymo\AppData\Local\Temp\wb-cache-cw11-mUuSBZ\Main_Reprojector -1 13 fo 0 REPROJECTED  0  52830da209567bf736636d66287076c1efded75e.ffs'
2022-01-24 21:47:19|  98.5|  0.0|INFORM|MULTI_READER(MULTI_READER): Done reading 2 features from 2 readers
2022-01-24 21:47:19|  98.5|  0.0|INFORM|Emptying factory pipeline
2022-01-24 21:47:19|  98.5|  0.0|STATS |Router and Unexpected Input Remover (RoutingFactory): Tested 2 input feature(s), wrote 2 output feature(s): 2 matched merge filters, 2 were routed to output, 0 could not be routed.
2022-01-24 21:47:19|  98.5|  0.0|STATS |Unexpected Input Remover Nuker (TeeFactory): Cloned 0 input feature(s) into 0 output feature(s)
2022-01-24 21:47:19|  98.5|  0.0|STATS |JPEG2000_JPEG2000_2 Splitter (TeeFactory): Cloned 1 input feature(s) into 1 output feature(s)
2022-01-24 21:47:19|  98.5|  0.0|STATS |JPEG2000_JPEG2000_2 Feature Counter -1 43 (TeeFactory): Cloned 1 input feature(s) into 1 output feature(s)
2022-01-24 21:47:19|  98.5|  0.0|STATS |JPEG2000_JPEG2000_1 Splitter (TeeFactory): Cloned 1 input feature(s) into 1 output feature(s)
2022-01-24 21:47:19|  98.5|  0.0|STATS |JPEG2000_JPEG2000_1 Feature Counter -1 41 (TeeFactory): Cloned 1 input feature(s) into 1 output feature(s)
2022-01-24 21:47:19|  98.5|  0.0|STATS |Powiaty_SHAPEFILE_1 Splitter (TeeFactory): Cloned 0 input feature(s) into 0 output feature(s)
2022-01-24 21:47:19|  98.5|  0.0|STATS |Reprojector_3 (TeeFactory): Cloned 1 input feature(s) into 1 output feature(s)
2022-01-24 21:47:19|  98.5|  0.0|STATS |Reprojector_3_REPROJECTED Feature Counter -1 34 (TeeFactory): Cloned 1 input feature(s) into 1 output feature(s)
2022-01-24 21:47:19|  98.5|  0.0|STATS |Reprojector_2 (TeeFactory): Cloned 1 input feature(s) into 1 output feature(s)
2022-01-24 21:47:19|  98.5|  0.0|STATS |Reprojector_2_REPROJECTED Feature Counter -1 33 (TeeFactory): Cloned 1 input feature(s) into 1 output feature(s)
2022-01-24 21:47:19|  98.5|  0.0|STATS |NDVICalculator Red Input Collector (TeeFactory): Cloned 1 input feature(s) into 1 output feature(s)
2022-01-24 21:47:19|  98.5|  0.0|STATS |NDVICalculator Infrared Input Collector (TeeFactory): Cloned 1 input feature(s) into 1 output feature(s)
2022-01-24 21:47:19|  98.5|  0.0|STATS |NDVICalculator_Red1572301170 Input Splitter (TeeFactory): Cloned 1 input feature(s) into 1 output feature(s)
2022-01-24 21:47:19|  98.5|  0.0|STATS |NDVICalculator_Infrared1572301170 Input Splitter (TeeFactory): Cloned 1 input feature(s) into 1 output feature(s)
2022-01-24 21:47:19|  98.5|  0.0|STATS |NDVICalculator_GeometryFilter_InputPassThrough (TeeFactory): Cloned 2 input feature(s) into 2 output feature(s)
2022-01-24 21:47:19|  98.5|  0.0|STATS |NDVICalculator_GeometryFilter_RouterPrepper (TeeFactory): Cloned 2 input feature(s) into 2 output feature(s)
2022-01-24 21:47:19|  98.5|  0.0|STATS |NDVICalculator_GeometryFilter_Router (TestFactory): Tested 2 input feature(s) -- 2 feature(s) passed and 0 feature(s) failed
2022-01-24 21:47:19|  98.5|  0.0|STATS |NDVICalculator_Junction_4 (TeeFactory): Cloned 0 input feature(s) into 0 output feature(s)
2022-01-24 21:47:19|  98.5|  0.0|STATS |NDVICalculator_Junction_5 (TeeFactory): Cloned 0 input feature(s) into 0 output feature(s)
2022-01-24 21:47:19|  98.5|  0.0|STATS |NDVICalculator_RasterPropertyExtractor (TeeFactory): Cloned 2 input feature(s) into 2 output feature(s)
2022-01-24 21:47:19|  98.5|  0.0|STATS |NDVICalculator_RasterPropertyExtractor_Rejector (TestFactory): Tested 2 input feature(s) -- 0 feature(s) passed and 2 feature(s) failed
2022-01-24 21:47:19|  98.5|  0.0|STATS |NDVICalculator_Junction (TeeFactory): Cloned 0 input feature(s) into 0 output feature(s)
2022-01-24 21:47:19|  98.5|  0.0|STATS |NDVICalculator_Tester (TestFactory): Tested 2 input feature(s) -- 2 feature(s) passed and 0 feature(s) failed
2022-01-24 21:47:19|  98.5|  0.0|STATS |NDVICalculator_Junction_6 (TeeFactory): Cloned 0 input feature(s) into 0 output feature(s)
2022-01-24 21:47:19|  98.5|  0.0|STATS |NDVICalculator_Junction_7 (TeeFactory): Cloned 0 input feature(s) into 0 output feature(s)
2022-01-24 21:47:19|  98.5|  0.0|STATS |NDVICalculator_RasterBandPropertyExtractor (TeeFactory): Cloned 2 input feature(s) into 2 output feature(s)
2022-01-24 21:47:19|  98.5|  0.0|STATS |NDVICalculator_RasterBandPropertyExtractor_Rejector (TestFactory): Tested 2 input feature(s) -- 0 feature(s) passed and 2 feature(s) failed
2022-01-24 21:47:19|  98.5|  0.0|STATS |NDVICalculator_Junction_3 (TeeFactory): Cloned 0 input feature(s) into 0 output feature(s)
2022-01-24 21:47:19|  98.5|  0.0|STATS |NDVICalculator_Tester_2 (TestFactory): Tested 2 input feature(s) -- 2 feature(s) passed and 0 feature(s) failed
2022-01-24 21:47:19|  98.5|  0.0|STATS |NDVICalculator_Junction_8 (TeeFactory): Cloned 0 input feature(s) into 0 output feature(s)
2022-01-24 21:47:19|  98.5|  0.0|STATS |NDVICalculator_Junction_9 (TeeFactory): Cloned 0 input feature(s) into 0 output feature(s)
2022-01-24 21:47:19|  98.5|  0.0|STATS |NDVICalculator_RasterBandNodataRemover (TeeFactory): Cloned 2 input feature(s) into 2 output feature(s)
2022-01-24 21:47:19|  98.5|  0.0|STATS |NDVICalculator_RasterBandNodataRemover_Rejector (TestFactory): Tested 2 input feature(s) -- 0 feature(s) passed and 2 feature(s) failed
2022-01-24 21:47:19|  98.5|  0.0|STATS |NDVICalculator_TestFilter_3 (TeeFactory): Cloned 2 input feature(s) into 2 output feature(s)
2022-01-24 21:47:19|  98.5|  0.0|STATS |NDVICalculator_TestFilter_3_Condition_1 (TestFactory): Tested 2 input feature(s) -- 0 feature(s) passed and 2 feature(s) failed
2022-01-24 21:47:19|  98.5|  0.0|STATS |NDVICalculator_TestFilter_3_SAVIadjustmentSet (TeeFactory): Cloned 2 input feature(s) into 2 output feature(s)
2022-01-24 21:47:19|  98.5|  0.0|STATS |NDVICalculator_TestFilter_5 (TeeFactory): Cloned 2 input feature(s) into 2 output feature(s)
2022-01-24 21:47:19|  98.5|  0.0|STATS |NDVICalculator_TestFilter_5_Condition_1 (TestFactory): Tested 2 input feature(s) -- 1 feature(s) passed and 1 feature(s) failed
2022-01-24 21:47:19|  98.5|  0.0|STATS |NDVICalculator_TestFilter_5_infrared (TeeFactory): Cloned 1 input feature(s) into 1 output feature(s)
2022-01-24 21:47:19|  98.5|  0.0|STATS |NDVICalculator_TestFilter_2 (TeeFactory): Cloned 1 input feature(s) into 1 output feature(s)
2022-01-24 21:47:19|  98.5|  0.0|STATS |NDVICalculator_TestFilter_2_Condition_1 (TestFactory): Tested 1 input feature(s) -- 1 feature(s) passed and 0 feature(s) failed
2022-01-24 21:47:19|  98.5|  0.0|STATS |NDVICalculator_TestFilter_2_SAVI (TeeFactory): Cloned 0 input feature(s) into 0 output feature(s)
2022-01-24 21:47:19|  98.5|  0.0|STATS |NDVICalculator_TestFilter (TeeFactory): Cloned 1 input feature(s) into 1 output feature(s)
2022-01-24 21:47:19|  98.5|  0.0|STATS |NDVICalculator_TestFilter_Condition_1 (TestFactory): Tested 1 input feature(s) -- 1 feature(s) passed and 0 feature(s) failed
2022-01-24 21:47:19|  98.5|  0.0|STATS |NDVICalculator_TestFilter_SAVI (TeeFactory): Cloned 0 input feature(s) into 0 output feature(s)
2022-01-24 21:47:19|  98.5|  0.0|STATS |NDVICalculator_Junction_13 (TeeFactory): Cloned 0 input feature(s) into 0 output feature(s)
2022-01-24 21:47:19|  98.5|  0.0|STATS |NDVICalculator_TestFilter_4 (TeeFactory): Cloned 1 input feature(s) into 1 output feature(s)
2022-01-24 21:47:19|  98.5|  0.0|STATS |NDVICalculator_TestFilter_4_Condition_1 (TestFactory): Tested 1 input feature(s) -- 0 feature(s) passed and 1 feature(s) failed
2022-01-24 21:47:19|  98.5|  0.0|STATS |NDVICalculator_TestFilter_4_Condition_2 (TestFactory): Tested 1 input feature(s) -- 1 feature(s) passed and 0 feature(s) failed
2022-01-24 21:47:19|  98.5|  0.0|STATS |NDVICalculator_TestFilter_4_Do<space>Not (TeeFactory): Cloned 0 input feature(s) into 0 output feature(s)
2022-01-24 21:47:19|  98.5|  0.0|STATS |NDVICalculator_RasterBandNodataSetter_2_RasterBandNodataSetterInput (TeeFactory): Cloned 0 input feature(s) into 0 output feature(s)
2022-01-24 21:47:19|  98.5|  0.0|STATS |NDVICalculator_RasterBandNodataSetter_2_RasterBandNodataSetter (TeeFactory): Cloned 0 input feature(s) into 0 output feature(s)
2022-01-24 21:47:19|  98.5|  0.0|STATS |NDVICalculator_RasterBandNodataSetter_2_Rejector (TestFactory): Tested 0 input feature(s) -- 0 feature(s) passed and 0 feature(s) failed
2022-01-24 21:47:19|  98.5|  0.0|STATS |NDVICalculator_RasterPaletteAdder_2 (TeeFactory): Cloned 1 input feature(s) into 1 output feature(s)
2022-01-24 21:47:19|  98.5|  0.0|STATS |NDVICalculator_RasterPaletteAdder_2_Rejector (TestFactory): Tested 1 input feature(s) -- 0 feature(s) passed and 1 feature(s) failed
2022-01-24 21:47:19|  98.5|  0.0|STATS |NDVICalculator_Junction_10 (TeeFactory): Cloned 0 input feature(s) into 0 output feature(s)
2022-01-24 21:47:19|  98.5|  0.0|STATS |NDVICalculator_RasterPaletteAdder (TeeFactory): Cloned 0 input feature(s) into 0 output feature(s)
2022-01-24 21:47:19|  98.5|  0.0|STATS |NDVICalculator_RasterPaletteAdder_Rejector (TestFactory): Tested 0 input feature(s) -- 0 feature(s) passed and 0 feature(s) failed
2022-01-24 21:47:19|  98.5|  0.0|STATS |NDVICalculator_Junction_11 (TeeFactory): Cloned 0 input feature(s) into 0 output feature(s)
2022-01-24 21:47:19|  98.5|  0.0|STATS |NDVICalculator_RasterBandNodataSetter_RasterBandNodataSetterInput (TeeFactory): Cloned 1 input feature(s) into 1 output feature(s)
2022-01-24 21:47:19|  98.5|  0.0|STATS |NDVICalculator_RasterBandNodataSetter_RasterBandNodataSetter (TeeFactory): Cloned 1 input feature(s) into 1 output feature(s)
2022-01-24 21:47:19|  98.5|  0.0|STATS |NDVICalculator_RasterBandNodataSetter_Rejector (TestFactory): Tested 1 input feature(s) -- 0 feature(s) passed and 1 feature(s) failed
2022-01-24 21:47:19|  98.5|  0.0|STATS |NDVICalculator_AttributeRemover (TeeFactory): Cloned 1 input feature(s) into 1 output feature(s)
2022-01-24 21:47:19|  98.5|  0.0|STATS |NDVICalculator_Junction_12 (TeeFactory): Cloned 0 input feature(s) into 0 output feature(s)
2022-01-24 21:47:19|  98.5|  0.0|STATS |NDVICalculator_Junction_2 (TeeFactory): Cloned 0 input feature(s) into 0 output feature(s)
2022-01-24 21:47:19|  98.5|  0.0|STATS |NDVICalculator_Output1572301170 Output Collector (TeeFactory): Cloned 1 input feature(s) into 1 output feature(s)
2022-01-24 21:47:19|  98.5|  0.0|STATS |NDVICalculator_<Rejected>1572301170 Output Collector (TeeFactory): Cloned 0 input feature(s) into 0 output feature(s)
2022-01-24 21:47:19|  98.5|  0.0|STATS |NDVICalculator Output Output Renamer/Nuker (TeeFactory): Cloned 1 input feature(s) into 1 output feature(s)
2022-01-24 21:47:19|  98.5|  0.0|STATS |NDVICalculator <Rejected> Output Renamer/Nuker (TeeFactory): Cloned 0 input feature(s) into 0 output feature(s)
2022-01-24 21:47:19|  98.5|  0.0|STATS |NDVICalculator_Output Feature Counter -1 35 (TeeFactory): Cloned 1 input feature(s) into 1 output feature(s)
2022-01-24 21:47:19|  98.5|  0.0|STATS |NDVICalculator_<Rejected> Feature Counter -1 2147680272 (TeeFactory): Cloned 0 input feature(s) into 0 output feature(s)
2022-01-24 21:47:19|  98.5|  0.0|STATS |NDVICalculator_<Rejected> (TeeFactory): Cloned 0 input feature(s) into 0 output feature(s)
2022-01-24 21:47:19|  98.5|  0.0|STATS |Reprojector_4 (TeeFactory): Cloned 1 input feature(s) into 1 output feature(s)
2022-01-24 21:47:19|  98.5|  0.0|STATS |Reprojector_4_REPROJECTED Feature Counter -1 36 (TeeFactory): Cloned 1 input feature(s) into 1 output feature(s)
2022-01-24 21:47:19|  98.5|  0.0|STATS |Clipper_ClipperCloner (TeeFactory): Cloned 1 input feature(s) into 2 output feature(s)
2022-01-24 21:47:19|  98.5|  0.0|STATS |Clipper_SolidClipperFilter (TestFactory): Tested 1 input feature(s) -- 0 feature(s) passed and 1 feature(s) failed
2022-01-24 21:47:19|  98.5|  0.0|STATS |Clipper_ClippeeFilter (TestFactory): Tested 1 input feature(s) -- 1 feature(s) passed and 0 feature(s) failed
2022-01-24 21:47:19|  98.5|  0.0|INFORM|RasterClippingFactory_ClippingFactoryPipeline::CLIPPER (ClippingFactory): Clipping with an automatic tolerance of 1.0290236441228707e-13
2022-01-24 21:47:19|  98.5|  0.0|STATS |RasterClippingFactory_ClippingFactoryPipeline::CLIPPER (ClippingFactory): Group '' had 1 input feature(s): 1 feature(s) were clipped, 0 feature(s) were totally inside and 0 feature(s) were totally outside
2022-01-24 21:47:19|  98.5|  0.0|STATS |RasterClippingFactory_ClippingFactoryPipeline::CLIPPER (ClippingFactory): Processed 1 input feature(s), of which 1 feature(s) were clipped, 0 feature(s) were totally inside and 0 feature(s) were totally outside
2022-01-24 21:47:19|  98.5|  0.0|INFORM|Loaded module 'VectorToRasterFactory' from file 'D:\FME\plugins/VectorToRasterFactory.dll'
2022-01-24 21:47:19|  98.5|  0.0|INFORM|FME API version of module 'VectorToRasterFactory' matches current internal version (3.8 20210302)
2022-01-24 21:47:19|  98.5|  0.0|INFORM|FME API version of module 'RasterEvaluationFactory' matches current internal version (3.8 20210302)
2022-01-24 21:47:19|  98.5|  0.0|STATS |RasterClippingFactoryPipeline::MaskRasterizer (VectorToRasterFactory): 1 input feature(s) processed.  0 input feature(s) with invalid geometry discarded.  0 input feature(s) not compatible with the raster interpretation discarded.  1 raster(s) output
2022-01-24 21:47:19|  98.5|  0.0|STATS |Storing feature(s) to FME feature store file `C:\Users\szymo\AppData\Local\Temp\wb-cache-cw11-mUuSBZ\Main_Clipper -1 17 fo 0 INSIDE  0  0600f45debb92ddc3b8c4ef13be327a0c3396194.ffsupdating'
2022-01-24 21:47:19|  98.6|  0.1|INFORM|VectorToRasterPopulator_ClippingFactoryPipeline::CLIPPER (ClippingFactory): Clipping with an automatic tolerance of 2.219199999999996e-11
2022-01-24 21:47:20|  98.8|  0.2|INFORM|... Last line repeated 2 times ...
2022-01-24 21:47:20|  98.8|  0.0|INFORM|Loaded module 'PointCloudEvaluationFactory' from file 'D:\FME\plugins/PointCloudEvaluationFactory.dll'
2022-01-24 21:47:20|  98.8|  0.0|INFORM|FME API version of module 'PointCloudEvaluationFactory' matches current internal version (3.8 20210302)
2022-01-24 21:47:20|  98.8|  0.0|INFORM|VectorToRasterPopulator_ClippingFactoryPipeline::CLIPPER (ClippingFactory): Clipping with an automatic tolerance of 2.219199999999996e-11
2022-01-24 21:47:20|  99.1|  0.3|INFORM|VectorToRasterPopulator_ClippingFactoryPipeline::CLIPPER (ClippingFactory): Clipping with an automatic tolerance of 2.219199999999996e-11
2022-01-24 21:47:20|  99.1|  0.0|INFORM|Loaded module 'CalculatePointCloudStatistics_func' from file 'D:\FME\plugins/CalculatePointCloudStatistics_func.dll'
2022-01-24 21:47:20|  99.1|  0.0|INFORM|FME API version of module 'CalculatePointCloudStatistics_func' matches current internal version (3.8 20210302)
2022-01-24 21:47:20|  99.1|  0.0|STATS |Storing feature(s) to FME feature store file `C:\Users\szymo\AppData\Local\Temp\wb-cache-cw11-mUuSBZ\Main_RasterStatisticsCalculator -1 21 fo 0 OUTPUT  0  7cb7d7bbd702b593d91437457481fcf7917a87a0.ffsupdating'
2022-01-24 21:47:20|  99.1|  0.0|INFORM|VectorToRasterPopulator_ClippingFactoryPipeline::CLIPPER (ClippingFactory): Clipping with an automatic tolerance of 2.219199999999996e-11
2022-01-24 21:47:20|  99.3|  0.2|INFORM|VectorToRasterPopulator_ClippingFactoryPipeline::CLIPPER (ClippingFactory): Clipping with an automatic tolerance of 2.219199999999996e-11
2022-01-24 21:47:20|  99.3|  0.0|STATS |Storing feature(s) to FME feature store file `C:\Users\szymo\AppData\Local\Temp\wb-cache-cw11-mUuSBZ\Main_PythonCaller -1 26 fo 0 OUTPUT  0  1e03a2a4a789ea29f8d16e05da6c295bbe9a0476.ffsupdating'
2022-01-24 21:47:20|  99.3|  0.0|INFORM|VectorToRasterPopulator_ClippingFactoryPipeline::CLIPPER (ClippingFactory): Clipping with an automatic tolerance of 2.219199999999996e-11
2022-01-24 21:47:21|  99.5|  0.2|INFORM|VectorToRasterPopulator_ClippingFactoryPipeline::CLIPPER (ClippingFactory): Clipping with an automatic tolerance of 2.219199999999996e-11
2022-01-24 21:47:21|  99.5|  0.0|INFORM|Creating writer for format: GeoTIFF (Geo-referenced Tagged Image File Format)
2022-01-24 21:47:21|  99.6|  0.1|INFORM|Trying to find a DYNAMIC plugin for writer named `GEOTIFF'
2022-01-24 21:47:21|  99.6|  0.0|INFORM|FME API version of module 'GEOTIFF' matches current internal version (3.8 20210302)
2022-01-24 21:47:21|  99.6|  0.0|INFORM|FME Configuration: No destination coordinate system set
2022-01-24 21:47:21|  99.6|  0.0|INFORM|FME API version of module 'GEOTIFF' matches current internal version (3.8 20210302)
2022-01-24 21:47:21|  99.6|  0.0|INFORM|Writer `GEOTIFF_1' of type `GEOTIFF' using group definition keyword `GEOTIFF_1_DEF'
2022-01-24 21:47:21|  99.6|  0.0|INFORM|FME API version of module 'GEOTIFF' matches current internal version (3.8 20210302)
2022-01-24 21:47:21|  99.6|  0.0|INFORM|GEOTIFF writer: Setting writer level option '_WRITE_OFFSETS_IN_CS_UNITS' to value 'Yes'
2022-01-24 21:47:21|  99.6|  0.0|INFORM|GEOTIFF writer: Setting writer level option '_WRITE_PROJECTED_COORDSYS_AS_EPSG_CODE' to value 'Yes'
2022-01-24 21:47:21|  99.6|  0.0|INFORM|GEOTIFF writer: Setting writer level option '_WRITE_GEOGRAPHIC_COORDSYS_AS_EPSG_CODE' to value 'Yes'
2022-01-24 21:47:21|  99.6|  0.0|INFORM|GEOTIFF writer: Setting writer level option '_WRITE_GEOGRAPHIC_KEYS_FOR_PROJECTED_COORDSYS' to value 'Yes'
2022-01-24 21:47:21|  99.6|  0.0|INFORM|GEOTIFF writer: Setting writer level option '_WRITE_ESRI_COMPATIBLE_COORDSYS' to value 'No'
2022-01-24 21:47:21|  99.6|  0.0|INFORM|GEOTIFF writer: Setting feature type level option 'geotiff_compression_method' to value 'none' for feature type 'lublin'
2022-01-24 21:47:21|  99.6|  0.0|INFORM|GEOTIFF writer: Setting feature type level option 'geotiff_jpeg_compression_level' to value '25' for feature type 'lublin'
2022-01-24 21:47:21|  99.6|  0.0|INFORM|GEOTIFF writer: Setting feature type level option 'geotiff_deflate_compression_level' to value '6' for feature type 'lublin'
2022-01-24 21:47:21|  99.6|  0.0|INFORM|GEOTIFF writer: Setting feature type level option 'geotiff_zstd_compression_level' to value '9' for feature type 'lublin'
2022-01-24 21:47:21|  99.6|  0.0|INFORM|GEOTIFF writer: Setting feature type level option 'geotiff_tab_file_generation' to value 'no' for feature type 'lublin'
2022-01-24 21:47:21|  99.6|  0.0|INFORM|GEOTIFF writer: Setting feature type level option 'geotiff_interleaving_type' to value 'BSQ' for feature type 'lublin'
2022-01-24 21:47:21|  99.6|  0.0|INFORM|GEOTIFF writer: Setting feature type level option 'geotiff_byte_order' to value 'machine' for feature type 'lublin'
2022-01-24 21:47:21|  99.6|  0.0|INFORM|GEOTIFF writer: Setting feature type level option 'geotiff_calculate_minmax_tifftags' to value 'no' for feature type 'lublin'
2022-01-24 21:47:21|  99.6|  0.0|INFORM|VectorToRasterPopulator_ClippingFactoryPipeline::CLIPPER (ClippingFactory): Clipping with an automatic tolerance of 2.219199999999996e-11
2022-01-24 21:47:21|  99.8|  0.2|INFORM|VectorToRasterPopulator_ClippingFactoryPipeline::CLIPPER (ClippingFactory): Clipping with an automatic tolerance of 2.219199999999996e-11
2022-01-24 21:47:21|  99.8|  0.0|INFORM|FME API version of module 'VectorToRasterFactory' matches current internal version (3.8 20210302)
2022-01-24 21:47:21|  99.8|  0.0|INFORM|FME API version of module 'RasterEvaluationFactory' matches current internal version (3.8 20210302)
2022-01-24 21:47:21|  99.8|  0.0|STATS |RasterClippingFactoryPipeline::MaskRasterizer (VectorToRasterFactory): 1 input feature(s) processed.  0 input feature(s) with invalid geometry discarded.  0 input feature(s) not compatible with the raster interpretation discarded.  1 raster(s) output
2022-01-24 21:47:21|  99.8|  0.0|STATS |Storing feature(s) to FME feature store file `C:\Users\szymo\AppData\Local\Temp\wb-cache-cw11-mUuSBZ\Main_Clipper -1 17 fo 1 OUTSIDE  0  7d2eb903236b69e4e220d2e544a7699709ae7fb6.ffsupdating'
2022-01-24 21:47:21|  99.9|  0.1|INFORM|VectorToRasterPopulator_ClippingFactoryPipeline::CLIPPER (ClippingFactory): Clipping with an automatic tolerance of 2.219199999999996e-11
2022-01-24 21:47:26| 104.9|  5.0|INFORM|... Last line repeated 6 times ...
2022-01-24 21:47:26| 104.9|  0.0|INFORM|FFS writer: Completed 55.73% of intermediate processing
2022-01-24 21:47:27| 105.6|  0.7|INFORM|VectorToRasterPopulator_ClippingFactoryPipeline::CLIPPER (ClippingFactory): Clipping with an automatic tolerance of 2.219199999999996e-11
2022-01-24 21:47:30| 108.7|  3.1|INFORM|... Last line repeated 3 times ...
2022-01-24 21:47:30| 108.7|  0.0|INFORM|FFS writer: Completed 100% of intermediate processing
2022-01-24 21:47:31| 109.6|  0.9|STATS |Clipper_Vector (ClippingFactory): Processed 0 input feature(s), of which 0 feature(s) were clipped, 0 feature(s) were totally inside and 0 feature(s) were totally outside
2022-01-24 21:47:31| 109.6|  0.0|STATS |Clipper_Nuker (TeeFactory): Cloned 0 input feature(s) into 0 output feature(s)
2022-01-24 21:47:31| 109.6|  0.0|STATS |Clipper_INSIDE Feature Counter -1 19 (TeeFactory): Cloned 1 input feature(s) into 1 output feature(s)
2022-01-24 21:47:31| 109.6|  0.0|STATS |Clipper_OUTSIDE Feature Counter -1 2147680273 (TeeFactory): Cloned 1 input feature(s) into 0 output feature(s)
2022-01-24 21:47:31| 109.6|  0.0|STATS |Clipper_<REJECTED> Feature Counter -1 2147745809 (TeeFactory): Cloned 0 input feature(s) into 0 output feature(s)
2022-01-24 21:47:31| 109.6|  0.0|STATS |Clipper_<Rejected> (TeeFactory): Cloned 0 input feature(s) into 0 output feature(s)
2022-01-24 21:47:31| 109.6|  0.0|STATS |RasterStatisticsCalculator_OUTPUT Feature Counter -1 29 (TeeFactory): Cloned 1 input feature(s) into 1 output feature(s)
2022-01-24 21:47:31| 109.6|  0.0|STATS |RasterStatisticsCalculator_<REJECTED> Feature Counter -1 2147680277 (TeeFactory): Cloned 0 input feature(s) into 0 output feature(s)
2022-01-24 21:47:31| 109.6|  0.0|STATS |RasterStatisticsCalculator_<Rejected> (TeeFactory): Cloned 0 input feature(s) into 0 output feature(s)
2022-01-24 21:47:31| 109.7|  0.1|STATS |Stored 1 feature(s) to FME feature store file `C:\Users\szymo\AppData\Local\Temp\wb-cache-cw11-mUuSBZ\Main_Clipper -1 17 fo 1 OUTSIDE  0  7d2eb903236b69e4e220d2e544a7699709ae7fb6.ffsupdating'
2022-01-24 21:47:31| 109.7|  0.0|INFORM|Saving spatial index into file 'C:\Users\szymo\AppData\Local\Temp\wb-cache-cw11-mUuSBZ\Main_Clipper -1 17 fo 1 OUTSIDE  0  7d2eb903236b69e4e220d2e544a7699709ae7fb6.fsi'
2022-01-24 21:47:31| 109.7|  0.0|INFORM|Finished saving spatial index into file 'C:\Users\szymo\AppData\Local\Temp\wb-cache-cw11-mUuSBZ\Main_Clipper -1 17 fo 1 OUTSIDE  0  7d2eb903236b69e4e220d2e544a7699709ae7fb6.fsi'
2022-01-24 21:47:31| 109.7|  0.0|STATS |Stored 1 feature(s) to FME feature store file `C:\Users\szymo\AppData\Local\Temp\wb-cache-cw11-mUuSBZ\Main_JPEG2000 -1 40 -1  0  37de1d9b8eb58a5a404d3dbe7a372cf2ce98ef82.ffsupdating'
2022-01-24 21:47:31| 109.7|  0.0|INFORM|Saving spatial index into file 'C:\Users\szymo\AppData\Local\Temp\wb-cache-cw11-mUuSBZ\Main_JPEG2000 -1 40 -1  0  37de1d9b8eb58a5a404d3dbe7a372cf2ce98ef82.fsi'
2022-01-24 21:47:31| 109.7|  0.0|INFORM|Finished saving spatial index into file 'C:\Users\szymo\AppData\Local\Temp\wb-cache-cw11-mUuSBZ\Main_JPEG2000 -1 40 -1  0  37de1d9b8eb58a5a404d3dbe7a372cf2ce98ef82.fsi'
2022-01-24 21:47:31| 109.7|  0.0|STATS |Stored 1 feature(s) to FME feature store file `C:\Users\szymo\AppData\Local\Temp\wb-cache-cw11-mUuSBZ\Main_RasterStatisticsCalculator -1 21 fo 0 OUTPUT  0  7cb7d7bbd702b593d91437457481fcf7917a87a0.ffsupdating'
2022-01-24 21:47:31| 109.7|  0.0|INFORM|Saving spatial index into file 'C:\Users\szymo\AppData\Local\Temp\wb-cache-cw11-mUuSBZ\Main_RasterStatisticsCalculator -1 21 fo 0 OUTPUT  0  7cb7d7bbd702b593d91437457481fcf7917a87a0.fsi'
2022-01-24 21:47:31| 109.7|  0.0|INFORM|Finished saving spatial index into file 'C:\Users\szymo\AppData\Local\Temp\wb-cache-cw11-mUuSBZ\Main_RasterStatisticsCalculator -1 21 fo 0 OUTPUT  0  7cb7d7bbd702b593d91437457481fcf7917a87a0.fsi'
2022-01-24 21:47:31| 109.7|  0.0|STATS |Stored 1 feature(s) to FME feature store file `C:\Users\szymo\AppData\Local\Temp\wb-cache-cw11-mUuSBZ\Main_Reprojector_2 -1 31 fo 0 REPROJECTED  0  174587d9d6e4efe8537654763ee5da92342ba779.ffsupdating'
2022-01-24 21:47:31| 109.7|  0.0|INFORM|Saving spatial index into file 'C:\Users\szymo\AppData\Local\Temp\wb-cache-cw11-mUuSBZ\Main_Reprojector_2 -1 31 fo 0 REPROJECTED  0  174587d9d6e4efe8537654763ee5da92342ba779.fsi'
2022-01-24 21:47:31| 109.7|  0.0|INFORM|Finished saving spatial index into file 'C:\Users\szymo\AppData\Local\Temp\wb-cache-cw11-mUuSBZ\Main_Reprojector_2 -1 31 fo 0 REPROJECTED  0  174587d9d6e4efe8537654763ee5da92342ba779.fsi'
2022-01-24 21:47:31| 109.7|  0.0|STATS |Stored 1 feature(s) to FME feature store file `C:\Users\szymo\AppData\Local\Temp\wb-cache-cw11-mUuSBZ\Main_Reprojector_3 -1 32 fo 0 REPROJECTED  0  42710939b24e083c8c4eded1d2652cf732e97b7f.ffsupdating'
2022-01-24 21:47:31| 109.7|  0.0|INFORM|Saving spatial index into file 'C:\Users\szymo\AppData\Local\Temp\wb-cache-cw11-mUuSBZ\Main_Reprojector_3 -1 32 fo 0 REPROJECTED  0  42710939b24e083c8c4eded1d2652cf732e97b7f.fsi'
2022-01-24 21:47:31| 109.7|  0.0|INFORM|Finished saving spatial index into file 'C:\Users\szymo\AppData\Local\Temp\wb-cache-cw11-mUuSBZ\Main_Reprojector_3 -1 32 fo 0 REPROJECTED  0  42710939b24e083c8c4eded1d2652cf732e97b7f.fsi'
2022-01-24 21:47:31| 109.7|  0.0|STATS |Stored 1 feature(s) to FME feature store file `C:\Users\szymo\AppData\Local\Temp\wb-cache-cw11-mUuSBZ\Main_JPEG2000 -1 42 -1  0  cfd839733b9fa1b62c014262c53756f3a5583c00.ffsupdating'
2022-01-24 21:47:31| 109.7|  0.0|INFORM|Saving spatial index into file 'C:\Users\szymo\AppData\Local\Temp\wb-cache-cw11-mUuSBZ\Main_JPEG2000 -1 42 -1  0  cfd839733b9fa1b62c014262c53756f3a5583c00.fsi'
2022-01-24 21:47:31| 109.7|  0.0|INFORM|Finished saving spatial index into file 'C:\Users\szymo\AppData\Local\Temp\wb-cache-cw11-mUuSBZ\Main_JPEG2000 -1 42 -1  0  cfd839733b9fa1b62c014262c53756f3a5583c00.fsi'
2022-01-24 21:47:31| 109.7|  0.0|STATS |Stored 1 feature(s) to FME feature store file `C:\Users\szymo\AppData\Local\Temp\wb-cache-cw11-mUuSBZ\Main_Reprojector_4 -1 27 fo 0 REPROJECTED  0  f17c5db0d7df7fd3460a3ca13100a8eeb0f22e9d.ffsupdating'
2022-01-24 21:47:31| 109.7|  0.0|INFORM|Saving spatial index into file 'C:\Users\szymo\AppData\Local\Temp\wb-cache-cw11-mUuSBZ\Main_Reprojector_4 -1 27 fo 0 REPROJECTED  0  f17c5db0d7df7fd3460a3ca13100a8eeb0f22e9d.fsi'
2022-01-24 21:47:31| 109.7|  0.0|INFORM|Finished saving spatial index into file 'C:\Users\szymo\AppData\Local\Temp\wb-cache-cw11-mUuSBZ\Main_Reprojector_4 -1 27 fo 0 REPROJECTED  0  f17c5db0d7df7fd3460a3ca13100a8eeb0f22e9d.fsi'
2022-01-24 21:47:31| 109.7|  0.0|STATS |Stored 1 feature(s) to FME feature store file `C:\Users\szymo\AppData\Local\Temp\wb-cache-cw11-mUuSBZ\Main_NDVICalculator -1 16 fo 0 Output  0  78e5a519050f3a63f1ca7a7451b842fa387a8054.ffsupdating'
2022-01-24 21:47:31| 109.7|  0.0|INFORM|Saving spatial index into file 'C:\Users\szymo\AppData\Local\Temp\wb-cache-cw11-mUuSBZ\Main_NDVICalculator -1 16 fo 0 Output  0  78e5a519050f3a63f1ca7a7451b842fa387a8054.fsi'
2022-01-24 21:47:31| 109.7|  0.0|INFORM|Finished saving spatial index into file 'C:\Users\szymo\AppData\Local\Temp\wb-cache-cw11-mUuSBZ\Main_NDVICalculator -1 16 fo 0 Output  0  78e5a519050f3a63f1ca7a7451b842fa387a8054.fsi'
2022-01-24 21:47:31| 109.7|  0.0|STATS |Stored 1 feature(s) to FME feature store file `C:\Users\szymo\AppData\Local\Temp\wb-cache-cw11-mUuSBZ\Main_Clipper -1 17 fo 0 INSIDE  0  0600f45debb92ddc3b8c4ef13be327a0c3396194.ffsupdating'
2022-01-24 21:47:31| 109.7|  0.0|INFORM|Saving spatial index into file 'C:\Users\szymo\AppData\Local\Temp\wb-cache-cw11-mUuSBZ\Main_Clipper -1 17 fo 0 INSIDE  0  0600f45debb92ddc3b8c4ef13be327a0c3396194.fsi'
2022-01-24 21:47:31| 109.7|  0.0|INFORM|Finished saving spatial index into file 'C:\Users\szymo\AppData\Local\Temp\wb-cache-cw11-mUuSBZ\Main_Clipper -1 17 fo 0 INSIDE  0  0600f45debb92ddc3b8c4ef13be327a0c3396194.fsi'
2022-01-24 21:47:31| 109.7|  0.0|STATS |Stored 1 feature(s) to FME feature store file `C:\Users\szymo\AppData\Local\Temp\wb-cache-cw11-mUuSBZ\Main_PythonCaller -1 26 fo 0 OUTPUT  0  1e03a2a4a789ea29f8d16e05da6c295bbe9a0476.ffsupdating'
2022-01-24 21:47:31| 109.7|  0.0|INFORM|Saving spatial index into file 'C:\Users\szymo\AppData\Local\Temp\wb-cache-cw11-mUuSBZ\Main_PythonCaller -1 26 fo 0 OUTPUT  0  1e03a2a4a789ea29f8d16e05da6c295bbe9a0476.fsi'
2022-01-24 21:47:31| 109.7|  0.0|INFORM|Finished saving spatial index into file 'C:\Users\szymo\AppData\Local\Temp\wb-cache-cw11-mUuSBZ\Main_PythonCaller -1 26 fo 0 OUTPUT  0  1e03a2a4a789ea29f8d16e05da6c295bbe9a0476.fsi'
2022-01-24 21:47:31| 109.7|  0.0|STATS |PythonCaller_OUTPUT Feature Counter -1 37 (TeeFactory): Cloned 1 input feature(s) into 1 output feature(s)
2022-01-24 21:47:31| 109.7|  0.0|STATS |Destination Feature Type Routing Correlator (RoutingFactory): Tested 1 input feature(s), wrote 1 output feature(s): 0 matched merge filters, 1 were routed to output, 0 could not be routed.
2022-01-24 21:47:31| 109.7|  0.0|STATS |Final Output Nuker (TeeFactory): Cloned 0 input feature(s) into 0 output feature(s)
2022-01-24 21:47:31| 109.7|  0.0|INFORM|=-=-=-=-=-=-=-=-=-=-=-=-=-=-=-=-=-=-=-=-=-=-=-=-=-=-=-=-=-=-=-=-=-=-=-=-=-=-=-
2022-01-24 21:47:31| 109.8|  0.1|INFORM|Feature output statistics for `GEOTIFF' writer using keyword `GEOTIFF_1':
2022-01-24 21:47:31| 109.8|  0.0|STATS |=-=-=-=-=-=-=-=-=-=-=-=-=-=-=-=-=-=-=-=-=-=-=-=-=-=-=-=-=-=-=-=-=-=-=-=-=-=-=-
2022-01-24 21:47:31| 109.8|  0.0|STATS |                               Features Written
2022-01-24 21:47:31| 109.8|  0.0|STATS |=-=-=-=-=-=-=-=-=-=-=-=-=-=-=-=-=-=-=-=-=-=-=-=-=-=-=-=-=-=-=-=-=-=-=-=-=-=-=-
2022-01-24 21:47:31| 109.8|  0.0|STATS |lublin                                                                       1
2022-01-24 21:47:31| 109.8|  0.0|STATS |==============================================================================
2022-01-24 21:47:31| 109.8|  0.0|STATS |Total Features Written                                                       1
2022-01-24 21:47:31| 109.8|  0.0|STATS |=-=-=-=-=-=-=-=-=-=-=-=-=-=-=-=-=-=-=-=-=-=-=-=-=-=-=-=-=-=-=-=-=-=-=-=-=-=-=-
2022-01-24 21:47:31| 109.8|  0.0|STATS |=-=-=-=-=-=-=-=-=-=-=-=-=-=-=-=-=-=-=-=-=-=-=-=-=-=-=-=-=-=-=-=-=-=-=-=-=-=-=-
2022-01-24 21:47:31| 109.8|  0.0|STATS |                            Features Read Summary
2022-01-24 21:47:31| 109.8|  0.0|STATS |=-=-=-=-=-=-=-=-=-=-=-=-=-=-=-=-=-=-=-=-=-=-=-=-=-=-=-=-=-=-=-=-=-=-=-=-=-=-=-
2022-01-24 21:47:31| 109.8|  0.0|STATS |JPEG2000                                                                     2
2022-01-24 21:47:31| 109.8|  0.0|STATS |==============================================================================
2022-01-24 21:47:31| 109.8|  0.0|STATS |Total Features Read                                                          2
2022-01-24 21:47:31| 109.8|  0.0|STATS |=-=-=-=-=-=-=-=-=-=-=-=-=-=-=-=-=-=-=-=-=-=-=-=-=-=-=-=-=-=-=-=-=-=-=-=-=-=-=-
2022-01-24 21:47:31| 109.8|  0.0|STATS |=-=-=-=-=-=-=-=-=-=-=-=-=-=-=-=-=-=-=-=-=-=-=-=-=-=-=-=-=-=-=-=-=-=-=-=-=-=-=-
2022-01-24 21:47:31| 109.8|  0.0|STATS |                           Features Written Summary
2022-01-24 21:47:31| 109.8|  0.0|STATS |=-=-=-=-=-=-=-=-=-=-=-=-=-=-=-=-=-=-=-=-=-=-=-=-=-=-=-=-=-=-=-=-=-=-=-=-=-=-=-
2022-01-24 21:47:31| 109.8|  0.0|STATS |lublin                                                                       1
2022-01-24 21:47:31| 109.8|  0.0|STATS |==============================================================================
2022-01-24 21:47:31| 109.8|  0.0|STATS |Total Features Written                                                       1
2022-01-24 21:47:31| 109.8|  0.0|STATS |=-=-=-=-=-=-=-=-=-=-=-=-=-=-=-=-=-=-=-=-=-=-=-=-=-=-=-=-=-=-=-=-=-=-=-=-=-=-=-
2022-01-24 21:47:31| 109.8|  0.0|WARN  |-~-~-~-~-~-~-~-~-~-~-~-~-~-~-~-~-~-~-~-~-~-~-~-~-~-~-~-~-~-~-~-~-~-~-~-~-~-~-~-~-
2022-01-24 21:47:31| 109.8|  0.0|WARN  |-~                                                                             ~-
2022-01-24 21:47:31| 109.8|  0.0|WARN  |-~    Feature caches have been recorded at every stage of the translation.     ~-
2022-01-24 21:47:31| 109.8|  0.0|WARN  |-~                      To inspect the recorded features,                      ~-
2022-01-24 21:47:31| 109.8|  0.0|WARN  |-~              click the feature cache icons next to the ports.               ~-
2022-01-24 21:47:31| 109.8|  0.0|WARN  |-~                                                                             ~-
2022-01-24 21:47:31| 109.8|  0.0|WARN  |-~-~-~-~-~-~-~-~-~-~-~-~-~-~-~-~-~-~-~-~-~-~-~-~-~-~-~-~-~-~-~-~-~-~-~-~-~-~-~-~-
2022-01-24 21:47:31| 109.8|  0.0|INFORM|An FME_END_PYTHON script was specified, and will execute after the translation is complete and log file has been closed.
2022-01-24 21:47:31| 109.8|  0.0|INFORM|Translation was SUCCESSFUL with 7 warning(s) (1 feature(s) output)
2022-01-24 21:47:31| 109.8|  0.0|INFORM|FME Session Duration: 1 minute 29.2 seconds. (CPU: 100.4s user, 9.4s system)
2022-01-24 21:47:31| 109.8|  0.0|INFORM|END - ProcessID: 13976, peak process memory usage: 3736340 kB, current process memory usage: 163932 kB
